==> default: Running provisioner: shell...
    default: Running: C:/Users/Luigg/AppData/Local/Temp/vagrant-shell20250704-39600-xtuoud.sh
    default: [0;33m
    default: HELLO FROM PROVISIONING![0m
    default: [0;33m
    default: Updating System...[0m
    default: 
    default: WARNING: apt does not have a stable CLI interface. Use with caution in scripts.
    default: 
    default: Hit:1 https://deb.nodesource.com/node_18.x nodistro InRelease
    default: Hit:2 http://archive.ubuntu.com/ubuntu focal InRelease
    default: Hit:3 http://archive.ubuntu.com/ubuntu focal-updates InRelease
    default: Hit:4 http://security.ubuntu.com/ubuntu focal-security InRelease
    default: Hit:5 http://archive.ubuntu.com/ubuntu focal-backports InRelease
    default: Reading package lists...
    default: Building dependency tree...
    default: Reading state information...
    default: All packages are up to date.
    default: [0;33m
    default: Verifying if nginx is installed...[0m
    default: [0;32mnginx is already installed![0m
    default: [0;34mnginx version installed -->
    default: nginx version: nginx/1.18.0 (Ubuntu)[0m
    default: [0;33m
    default: Enabling and activating Nginx...[0m
    default: [0;33m
    default: Verifying if nginx is working...[0m
    default: [0;32mnginx is active![0m
    default: [0;33m
    default: Verifying if docker is installed...[0m
    default: [0;32mdocker is already installed![0m
    default: [0;34mdocker version installed -->
    default: Docker version 26.1.3, build 26.1.3-0ubuntu1~20.04.1[0m
    default: [0;33m
    default: Enabling and activating Docker...[0m
    default: [0;33m
    default: Verifying if docker is working...[0m
    default: [0;32mdocker is active![0m
    default: [0;33m
    default: Verifying if kubectl is installed...[0m
    default: [0;32mkubectl is already installed![0m
    default: [0;34mkubectl version installed -->
    default: Client Version: v1.33.2
    default: Kustomize Version: v5.6.0[0m
    default: [0;33m
    default: Verifying if node is installed...[0m
    default: [0;32mnode is already installed![0m
    default: [0;34mnode version installed -->
    default: v18.20.6[0m
    default: [0;33m
    default: Verifying if npm is installed...[0m
    default: [0;32mnpm is already installed![0m
    default: [0;34mnpm version installed -->
    default: 10.8.2[0m
    default: [0;33m
    default: Serving bootstrap site...[0m
    default: [0;33m
    default: Changing directory to Home...[0m
    default: [0;33m
    default: Changing directory to startbootstrap-freelancer...[0m
    default: [0;33m
    default: Starting and building project...[0m
    default: 
    default: up to date, audited 239 packages in 1s
    default: 
    default: 28 packages are looking for funding
    default:   run `npm fund` for details
    default: 
    default: 22 vulnerabilities (4 low, 8 moderate, 10 high)
    default: 
    default: To address issues that do not require attention, run:
    default:   npm audit fix
    default: 
    default: To address all issues (including breaking changes), run:
    default:   npm audit fix --force
    default: 
    default: Run `npm audit` for details.
    default: 
    default: > startbootstrap-freelancer@7.0.7 build
    default: > npm run clean && npm run build:pug && npm run build:scss && npm run build:scripts && npm run build:assets
    default: 
    default: 
    default: > startbootstrap-freelancer@7.0.7 clean
    default: > node scripts/clean.js
    default: 
    default: 
    default: > startbootstrap-freelancer@7.0.7 build:pug
    default: > node scripts/build-pug.js
    default: 
    default: ### INFO: Rendering /root/startbootstrap-freelancer/src/pug/index.pug to /root/startbootstrap-freelancer/dist/index.html
    default: 
    default: > startbootstrap-freelancer@7.0.7 build:scss
    default: > node scripts/build-scss.js
    default: 
    default: Browserslist: caniuse-lite is outdated. Please run:
    default:   npx update-browserslist-db@latest
    default:   Why you should do it regularly: https://github.com/browserslist/update-db#readme
    default: 
    default: > startbootstrap-freelancer@7.0.7 build:scripts
    default: > node scripts/build-scripts.js
    default: 
    default: 
    default: > startbootstrap-freelancer@7.0.7 build:assets
    default: > node scripts/build-assets.js
    default: 
    default: [0;33m
    default: Cleaning and overwriting Nginx's default root...[0m
    default: [0;33m
    default: Reloading Nginx...[0m
    default: [0;33m
    default: Changing the header of the site...[0m
    default: [0;33m
    default: Verifying the site through http://localhost:80...[0m
    default: <!DOCTYPE html>
    default: <html lang="en">
    default:     <head>
    default:         <meta charset="utf-8" />
    default:         <meta name="viewport" content="width=device-width, initial-scale=1, shrink-to-fit=no" />
    default:         <meta name="description" content="" />
    default:         <meta name="author" content="" />
    default:         <title>Freelancer - Start Bootstrap Theme</title>
    default:         <!-- Favicon-->
    default:         <link rel="icon" type="image/x-icon" href="assets/favicon.ico" />
    default:         <!-- Font Awesome icons (free version)-->
    default:         <script src="https://use.fontawesome.com/releases/v6.3.0/js/all.js" crossorigin="anonymous"></script>
    default:         <!-- Google fonts-->
    default:         <link href="https://fonts.googleapis.com/css?family=Montserrat:400,700" rel="stylesheet" type="text/css" />
    default:         <link href="https://fonts.googleapis.com/css?family=Lato:400,700,400italic,700italic" rel="stylesheet" type="text/css" />
    default:         <!-- Core theme CSS (includes Bootstrap)-->
    default:         <link href="css/styles.css" rel="stylesheet" />
    default:     </head>
    default:     <body id="page-top">
    default:         <!-- Navigation-->
